<?xml version="1.0" encoding="UTF-8"?>
<robot generator="Robot 4.1.2 (Python 3.9.7 on win32)" generated="20211213 21:12:23.759" rpa="false" schemaversion="2">
<suite id="s1" name="Robot Files" source="C:\Users\Shika\Documents\GitHub\SeleniumIDE-RobotFramework-Practice\Robot Files">
<suite id="s1-s1" name="Login Tests" source="C:\Users\Shika\Documents\GitHub\SeleniumIDE-RobotFramework-Practice\Robot Files\login_tests.robot">
<test id="s1-s1-t1" name="Successful User Login">
<kw name="Open Browser To Login Page" library="resource">
<kw name="Open Browser" library="SeleniumLibrary">
<arg>${LOGIN URL}</arg>
<arg>${BROWSER}</arg>
<doc>Opens a new browser instance to the optional ``url``.</doc>
<msg timestamp="20211213 21:12:24.219" level="INFO">Opening browser 'firefox' to base url 'https://www.saucedemo.com/'.</msg>
<msg timestamp="20211213 21:12:24.221" level="INFO">Firefox driver log is always forced to to: C:\Users\Shika\Documents\GitHub\SeleniumIDE-RobotFramework-Practice\geckodriver-1.log</msg>
<status status="PASS" starttime="20211213 21:12:24.218" endtime="20211213 21:12:37.817"/>
</kw>
<kw name="Maximize Browser Window" library="SeleniumLibrary">
<doc>Maximizes current browser window.</doc>
<status status="PASS" starttime="20211213 21:12:37.817" endtime="20211213 21:12:38.104"/>
</kw>
<kw name="Set Selenium Speed" library="SeleniumLibrary">
<arg>${DELAY}</arg>
<doc>Sets the delay that is waited after each Selenium command.</doc>
<status status="PASS" starttime="20211213 21:12:38.104" endtime="20211213 21:12:38.105"/>
</kw>
<kw name="Login Page Should Be Open" library="resource">
<kw name="Page Should Contain Element" library="SeleniumLibrary">
<arg>login-button</arg>
<doc>Verifies that element ``locator`` is found on the current page.</doc>
<msg timestamp="20211213 21:12:38.420" level="INFO">Current page contains element 'login-button'.</msg>
<status status="PASS" starttime="20211213 21:12:38.107" endtime="20211213 21:12:38.420"/>
</kw>
<status status="PASS" starttime="20211213 21:12:38.106" endtime="20211213 21:12:38.421"/>
</kw>
<status status="PASS" starttime="20211213 21:12:24.217" endtime="20211213 21:12:38.422"/>
</kw>
<kw name="Input Username" library="resource">
<arg>${VALID USER}</arg>
<kw name="Input Text" library="SeleniumLibrary">
<arg>user-name</arg>
<arg>${username}</arg>
<doc>Types the given ``text`` into the text field identified by ``locator``.</doc>
<msg timestamp="20211213 21:12:38.435" level="INFO">Typing text 'standard_user' into text field 'user-name'.</msg>
<status status="PASS" starttime="20211213 21:12:38.433" endtime="20211213 21:12:39.671"/>
</kw>
<status status="PASS" starttime="20211213 21:12:38.430" endtime="20211213 21:12:39.672"/>
</kw>
<kw name="Input Pass" library="resource">
<arg>${UNIVERSAL PASSWORD}</arg>
<kw name="Input Password" library="SeleniumLibrary">
<arg>password</arg>
<arg>${password}</arg>
<doc>Types the given password into the text field identified by ``locator``.</doc>
<msg timestamp="20211213 21:12:39.675" level="INFO">Typing password into text field 'password'.</msg>
<msg timestamp="20211213 21:12:40.201" level="INFO">Temporally setting log level to: NONE</msg>
<msg timestamp="20211213 21:12:40.537" level="INFO">Log level changed from NONE to INFO.</msg>
<status status="PASS" starttime="20211213 21:12:39.674" endtime="20211213 21:12:40.537"/>
</kw>
<status status="PASS" starttime="20211213 21:12:39.673" endtime="20211213 21:12:40.537"/>
</kw>
<kw name="Submit Credentials" library="resource">
<kw name="Click Button" library="SeleniumLibrary">
<arg>login-button</arg>
<doc>Clicks the button identified by ``locator``.</doc>
<msg timestamp="20211213 21:12:40.540" level="INFO">Clicking button 'login-button'.</msg>
<status status="PASS" starttime="20211213 21:12:40.540" endtime="20211213 21:12:41.765"/>
</kw>
<status status="PASS" starttime="20211213 21:12:40.538" endtime="20211213 21:12:41.766"/>
</kw>
<kw name="Home Page Should Be Open" library="resource">
<kw name="Element Text Should Be" library="SeleniumLibrary">
<arg>class:title</arg>
<arg>PRODUCTS</arg>
<doc>Verifies that element ``locator`` contains exact the text ``expected``.</doc>
<msg timestamp="20211213 21:12:41.769" level="INFO">Verifying element 'class:title' contains exact text 'PRODUCTS'.</msg>
<status status="PASS" starttime="20211213 21:12:41.768" endtime="20211213 21:12:42.317"/>
</kw>
<status status="PASS" starttime="20211213 21:12:41.767" endtime="20211213 21:12:42.317"/>
</kw>
<kw name="Home Page Is Correct" library="resource">
<kw name="Page Should Contain Element" library="SeleniumLibrary">
<arg>css:*[src="/static/media/sauce-backpack-1200x1500.34e7aa42.jpg"]</arg>
<doc>Verifies that element ``locator`` is found on the current page.</doc>
<msg timestamp="20211213 21:12:42.578" level="INFO">Current page contains element 'css:*[src="/static/media/sauce-backpack-1200x1500.34e7aa42.jpg"]'.</msg>
<status status="PASS" starttime="20211213 21:12:42.319" endtime="20211213 21:12:42.578"/>
</kw>
<status status="PASS" starttime="20211213 21:12:42.318" endtime="20211213 21:12:42.578"/>
</kw>
<kw name="Close Browser" library="SeleniumLibrary" type="TEARDOWN">
<doc>Closes the current browser.</doc>
<status status="PASS" starttime="20211213 21:12:42.580" endtime="20211213 21:12:44.738"/>
</kw>
<status status="PASS" starttime="20211213 21:12:24.216" endtime="20211213 21:12:44.739"/>
</test>
<test id="s1-s1-t2" name="Unsuccessful Login by Locked Out User">
<kw name="Open Browser To Login Page" library="resource">
<kw name="Open Browser" library="SeleniumLibrary">
<arg>${LOGIN URL}</arg>
<arg>${BROWSER}</arg>
<doc>Opens a new browser instance to the optional ``url``.</doc>
<msg timestamp="20211213 21:12:44.749" level="INFO">Opening browser 'firefox' to base url 'https://www.saucedemo.com/'.</msg>
<msg timestamp="20211213 21:12:44.751" level="INFO">Firefox driver log is always forced to to: C:\Users\Shika\Documents\GitHub\SeleniumIDE-RobotFramework-Practice\geckodriver-2.log</msg>
<status status="PASS" starttime="20211213 21:12:44.747" endtime="20211213 21:12:56.646"/>
</kw>
<kw name="Maximize Browser Window" library="SeleniumLibrary">
<doc>Maximizes current browser window.</doc>
<status status="PASS" starttime="20211213 21:12:56.647" endtime="20211213 21:12:57.165"/>
</kw>
<kw name="Set Selenium Speed" library="SeleniumLibrary">
<arg>${DELAY}</arg>
<doc>Sets the delay that is waited after each Selenium command.</doc>
<status status="PASS" starttime="20211213 21:12:57.165" endtime="20211213 21:12:57.166"/>
</kw>
<kw name="Login Page Should Be Open" library="resource">
<kw name="Page Should Contain Element" library="SeleniumLibrary">
<arg>login-button</arg>
<doc>Verifies that element ``locator`` is found on the current page.</doc>
<msg timestamp="20211213 21:12:57.440" level="INFO">Current page contains element 'login-button'.</msg>
<status status="PASS" starttime="20211213 21:12:57.166" endtime="20211213 21:12:57.440"/>
</kw>
<status status="PASS" starttime="20211213 21:12:57.166" endtime="20211213 21:12:57.440"/>
</kw>
<status status="PASS" starttime="20211213 21:12:44.747" endtime="20211213 21:12:57.441"/>
</kw>
<kw name="Input Username" library="resource">
<arg>${INVALID USER}</arg>
<kw name="Input Text" library="SeleniumLibrary">
<arg>user-name</arg>
<arg>${username}</arg>
<doc>Types the given ``text`` into the text field identified by ``locator``.</doc>
<msg timestamp="20211213 21:12:57.444" level="INFO">Typing text 'locked_out_user' into text field 'user-name'.</msg>
<status status="PASS" starttime="20211213 21:12:57.444" endtime="20211213 21:12:58.348"/>
</kw>
<status status="PASS" starttime="20211213 21:12:57.443" endtime="20211213 21:12:58.349"/>
</kw>
<kw name="Input Pass" library="resource">
<arg>${UNIVERSAL PASSWORD}</arg>
<kw name="Input Password" library="SeleniumLibrary">
<arg>password</arg>
<arg>${password}</arg>
<doc>Types the given password into the text field identified by ``locator``.</doc>
<msg timestamp="20211213 21:12:58.352" level="INFO">Typing password into text field 'password'.</msg>
<msg timestamp="20211213 21:12:58.896" level="INFO">Temporally setting log level to: NONE</msg>
<msg timestamp="20211213 21:12:59.214" level="INFO">Log level changed from NONE to INFO.</msg>
<status status="PASS" starttime="20211213 21:12:58.351" endtime="20211213 21:12:59.215"/>
</kw>
<status status="PASS" starttime="20211213 21:12:58.350" endtime="20211213 21:12:59.215"/>
</kw>
<kw name="Submit Credentials" library="resource">
<kw name="Click Button" library="SeleniumLibrary">
<arg>login-button</arg>
<doc>Clicks the button identified by ``locator``.</doc>
<msg timestamp="20211213 21:12:59.217" level="INFO">Clicking button 'login-button'.</msg>
<status status="PASS" starttime="20211213 21:12:59.217" endtime="20211213 21:13:00.421"/>
</kw>
<status status="PASS" starttime="20211213 21:12:59.216" endtime="20211213 21:13:00.422"/>
</kw>
<kw name="Page Should Contain Element" library="SeleniumLibrary">
<arg>class:error-button</arg>
<doc>Verifies that element ``locator`` is found on the current page.</doc>
<msg timestamp="20211213 21:13:00.774" level="INFO">Current page contains element 'class:error-button'.</msg>
<status status="PASS" starttime="20211213 21:13:00.424" endtime="20211213 21:13:00.774"/>
</kw>
<kw name="Element Text Should Be" library="SeleniumLibrary">
<arg>css:*[data-test=error]</arg>
<arg>Epic sadface: Sorry, this user has been locked out.</arg>
<doc>Verifies that element ``locator`` contains exact the text ``expected``.</doc>
<msg timestamp="20211213 21:13:00.776" level="INFO">Verifying element 'css:*[data-test=error]' contains exact text 'Epic sadface: Sorry, this user has been locked out.'.</msg>
<status status="PASS" starttime="20211213 21:13:00.775" endtime="20211213 21:13:01.341"/>
</kw>
<kw name="Close Browser" library="SeleniumLibrary" type="TEARDOWN">
<doc>Closes the current browser.</doc>
<status status="PASS" starttime="20211213 21:13:01.343" endtime="20211213 21:13:04.222"/>
</kw>
<status status="PASS" starttime="20211213 21:12:44.744" endtime="20211213 21:13:04.224"/>
</test>
<test id="s1-s1-t3" name="Incorrect Password">
<kw name="Open Browser To Login Page" library="resource">
<kw name="Open Browser" library="SeleniumLibrary">
<arg>${LOGIN URL}</arg>
<arg>${BROWSER}</arg>
<doc>Opens a new browser instance to the optional ``url``.</doc>
<msg timestamp="20211213 21:13:04.236" level="INFO">Opening browser 'firefox' to base url 'https://www.saucedemo.com/'.</msg>
<msg timestamp="20211213 21:13:04.238" level="INFO">Firefox driver log is always forced to to: C:\Users\Shika\Documents\GitHub\SeleniumIDE-RobotFramework-Practice\geckodriver-3.log</msg>
<status status="PASS" starttime="20211213 21:13:04.235" endtime="20211213 21:13:17.242"/>
</kw>
<kw name="Maximize Browser Window" library="SeleniumLibrary">
<doc>Maximizes current browser window.</doc>
<status status="PASS" starttime="20211213 21:13:17.242" endtime="20211213 21:13:18.007"/>
</kw>
<kw name="Set Selenium Speed" library="SeleniumLibrary">
<arg>${DELAY}</arg>
<doc>Sets the delay that is waited after each Selenium command.</doc>
<status status="PASS" starttime="20211213 21:13:18.007" endtime="20211213 21:13:18.009"/>
</kw>
<kw name="Login Page Should Be Open" library="resource">
<kw name="Page Should Contain Element" library="SeleniumLibrary">
<arg>login-button</arg>
<doc>Verifies that element ``locator`` is found on the current page.</doc>
<msg timestamp="20211213 21:13:18.329" level="INFO">Current page contains element 'login-button'.</msg>
<status status="PASS" starttime="20211213 21:13:18.011" endtime="20211213 21:13:18.330"/>
</kw>
<status status="PASS" starttime="20211213 21:13:18.009" endtime="20211213 21:13:18.331"/>
</kw>
<status status="PASS" starttime="20211213 21:13:04.234" endtime="20211213 21:13:18.332"/>
</kw>
<kw name="Input Username" library="resource">
<arg>${VALID USER}</arg>
<kw name="Input Text" library="SeleniumLibrary">
<arg>user-name</arg>
<arg>${username}</arg>
<doc>Types the given ``text`` into the text field identified by ``locator``.</doc>
<msg timestamp="20211213 21:13:18.340" level="INFO">Typing text 'standard_user' into text field 'user-name'.</msg>
<status status="PASS" starttime="20211213 21:13:18.338" endtime="20211213 21:13:19.261"/>
</kw>
<status status="PASS" starttime="20211213 21:13:18.337" endtime="20211213 21:13:19.262"/>
</kw>
<kw name="Input Pass" library="resource">
<arg>${WRONG PASSWORD}</arg>
<kw name="Input Password" library="SeleniumLibrary">
<arg>password</arg>
<arg>${password}</arg>
<doc>Types the given password into the text field identified by ``locator``.</doc>
<msg timestamp="20211213 21:13:19.270" level="INFO">Typing password into text field 'password'.</msg>
<msg timestamp="20211213 21:13:19.813" level="INFO">Temporally setting log level to: NONE</msg>
<msg timestamp="20211213 21:13:20.302" level="INFO">Log level changed from NONE to INFO.</msg>
<status status="PASS" starttime="20211213 21:13:19.268" endtime="20211213 21:13:20.303"/>
</kw>
<status status="PASS" starttime="20211213 21:13:19.265" endtime="20211213 21:13:20.303"/>
</kw>
<kw name="Submit Credentials" library="resource">
<kw name="Click Button" library="SeleniumLibrary">
<arg>login-button</arg>
<doc>Clicks the button identified by ``locator``.</doc>
<msg timestamp="20211213 21:13:20.307" level="INFO">Clicking button 'login-button'.</msg>
<status status="PASS" starttime="20211213 21:13:20.306" endtime="20211213 21:13:21.497"/>
</kw>
<status status="PASS" starttime="20211213 21:13:20.305" endtime="20211213 21:13:21.498"/>
</kw>
<kw name="Page Should Contain Element" library="SeleniumLibrary">
<arg>class:error-button</arg>
<doc>Verifies that element ``locator`` is found on the current page.</doc>
<msg timestamp="20211213 21:13:21.772" level="INFO">Current page contains element 'class:error-button'.</msg>
<status status="PASS" starttime="20211213 21:13:21.499" endtime="20211213 21:13:21.772"/>
</kw>
<kw name="Element Text Should Be" library="SeleniumLibrary">
<arg>css:*[data-test=error]</arg>
<arg>Epic sadface: Username and password do not match any user in this service</arg>
<doc>Verifies that element ``locator`` contains exact the text ``expected``.</doc>
<msg timestamp="20211213 21:13:21.774" level="INFO">Verifying element 'css:*[data-test=error]' contains exact text 'Epic sadface: Username and password do not match any user in this service'.</msg>
<status status="PASS" starttime="20211213 21:13:21.774" endtime="20211213 21:13:22.366"/>
</kw>
<kw name="Close Browser" library="SeleniumLibrary" type="TEARDOWN">
<doc>Closes the current browser.</doc>
<status status="PASS" starttime="20211213 21:13:22.368" endtime="20211213 21:13:24.779"/>
</kw>
<status status="PASS" starttime="20211213 21:13:04.229" endtime="20211213 21:13:24.780"/>
</test>
<test id="s1-s1-t4" name="Problem User">
<kw name="Open Browser To Login Page" library="resource">
<kw name="Open Browser" library="SeleniumLibrary">
<arg>${LOGIN URL}</arg>
<arg>${BROWSER}</arg>
<doc>Opens a new browser instance to the optional ``url``.</doc>
<msg timestamp="20211213 21:13:24.789" level="INFO">Opening browser 'firefox' to base url 'https://www.saucedemo.com/'.</msg>
<msg timestamp="20211213 21:13:24.791" level="INFO">Firefox driver log is always forced to to: C:\Users\Shika\Documents\GitHub\SeleniumIDE-RobotFramework-Practice\geckodriver-4.log</msg>
<status status="PASS" starttime="20211213 21:13:24.789" endtime="20211213 21:13:37.504"/>
</kw>
<kw name="Maximize Browser Window" library="SeleniumLibrary">
<doc>Maximizes current browser window.</doc>
<status status="PASS" starttime="20211213 21:13:37.505" endtime="20211213 21:13:38.063"/>
</kw>
<kw name="Set Selenium Speed" library="SeleniumLibrary">
<arg>${DELAY}</arg>
<doc>Sets the delay that is waited after each Selenium command.</doc>
<status status="PASS" starttime="20211213 21:13:38.063" endtime="20211213 21:13:38.064"/>
</kw>
<kw name="Login Page Should Be Open" library="resource">
<kw name="Page Should Contain Element" library="SeleniumLibrary">
<arg>login-button</arg>
<doc>Verifies that element ``locator`` is found on the current page.</doc>
<msg timestamp="20211213 21:13:38.398" level="INFO">Current page contains element 'login-button'.</msg>
<status status="PASS" starttime="20211213 21:13:38.066" endtime="20211213 21:13:38.398"/>
</kw>
<status status="PASS" starttime="20211213 21:13:38.065" endtime="20211213 21:13:38.399"/>
</kw>
<status status="PASS" starttime="20211213 21:13:24.788" endtime="20211213 21:13:38.399"/>
</kw>
<kw name="Input Username" library="resource">
<arg>${PROBLEM USER}</arg>
<kw name="Input Text" library="SeleniumLibrary">
<arg>user-name</arg>
<arg>${username}</arg>
<doc>Types the given ``text`` into the text field identified by ``locator``.</doc>
<msg timestamp="20211213 21:13:38.402" level="INFO">Typing text 'problem_user' into text field 'user-name'.</msg>
<status status="PASS" starttime="20211213 21:13:38.402" endtime="20211213 21:13:39.276"/>
</kw>
<status status="PASS" starttime="20211213 21:13:38.401" endtime="20211213 21:13:39.276"/>
</kw>
<kw name="Input Pass" library="resource">
<arg>${UNIVERSAL PASSWORD}</arg>
<kw name="Input Password" library="SeleniumLibrary">
<arg>password</arg>
<arg>${password}</arg>
<doc>Types the given password into the text field identified by ``locator``.</doc>
<msg timestamp="20211213 21:13:39.279" level="INFO">Typing password into text field 'password'.</msg>
<msg timestamp="20211213 21:13:39.932" level="INFO">Temporally setting log level to: NONE</msg>
<msg timestamp="20211213 21:13:40.348" level="INFO">Log level changed from NONE to INFO.</msg>
<status status="PASS" starttime="20211213 21:13:39.279" endtime="20211213 21:13:40.348"/>
</kw>
<status status="PASS" starttime="20211213 21:13:39.278" endtime="20211213 21:13:40.349"/>
</kw>
<kw name="Submit Credentials" library="resource">
<kw name="Click Button" library="SeleniumLibrary">
<arg>login-button</arg>
<doc>Clicks the button identified by ``locator``.</doc>
<msg timestamp="20211213 21:13:40.351" level="INFO">Clicking button 'login-button'.</msg>
<status status="PASS" starttime="20211213 21:13:40.351" endtime="20211213 21:13:41.569"/>
</kw>
<status status="PASS" starttime="20211213 21:13:40.350" endtime="20211213 21:13:41.570"/>
</kw>
<kw name="Home Page Should Be Open" library="resource">
<kw name="Element Text Should Be" library="SeleniumLibrary">
<arg>class:title</arg>
<arg>PRODUCTS</arg>
<doc>Verifies that element ``locator`` contains exact the text ``expected``.</doc>
<msg timestamp="20211213 21:13:41.572" level="INFO">Verifying element 'class:title' contains exact text 'PRODUCTS'.</msg>
<status status="PASS" starttime="20211213 21:13:41.572" endtime="20211213 21:13:42.104"/>
</kw>
<status status="PASS" starttime="20211213 21:13:41.571" endtime="20211213 21:13:42.104"/>
</kw>
<kw name="Page Should Not Contain Image" library="SeleniumLibrary">
<arg>css:*[src="${IMAGE 0 SRC}"]</arg>
<doc>Verifies image identified by ``locator`` is not found from current page.</doc>
<msg timestamp="20211213 21:13:42.367" level="INFO">Current page does not contain image 'css:*[src="/static/media/bike-light-1200x1500.a0c9caae.jpg"]'.</msg>
<status status="PASS" starttime="20211213 21:13:42.106" endtime="20211213 21:13:42.367"/>
</kw>
<kw name="Page Should Not Contain Image" library="SeleniumLibrary">
<arg>css:*[src="${IMAGE 1 SRC}"]</arg>
<doc>Verifies image identified by ``locator`` is not found from current page.</doc>
<msg timestamp="20211213 21:13:42.630" level="INFO">Current page does not contain image 'css:*[src="/static/media/bolt-shirt-1200x1500.c0dae290.jpg"]'.</msg>
<status status="PASS" starttime="20211213 21:13:42.368" endtime="20211213 21:13:42.630"/>
</kw>
<kw name="Page Should Not Contain Image" library="SeleniumLibrary">
<arg>css:*[src="${IMAGE 2 SRC}"]</arg>
<doc>Verifies image identified by ``locator`` is not found from current page.</doc>
<msg timestamp="20211213 21:13:42.887" level="INFO">Current page does not contain image 'css:*[src="/static/media/red-onesie-1200x1500.1b15e1fa.jpg"]'.</msg>
<status status="PASS" starttime="20211213 21:13:42.631" endtime="20211213 21:13:42.887"/>
</kw>
<kw name="Page Should Not Contain Image" library="SeleniumLibrary">
<arg>css:*[src="${IMAGE 3 SRC}"]</arg>
<doc>Verifies image identified by ``locator`` is not found from current page.</doc>
<msg timestamp="20211213 21:13:43.150" level="INFO">Current page does not contain image 'css:*[src="/static/media/red-tatt-1200x1500.e32b4ef9.jpg"]'.</msg>
<status status="PASS" starttime="20211213 21:13:42.888" endtime="20211213 21:13:43.150"/>
</kw>
<kw name="Page Should Not Contain Image" library="SeleniumLibrary">
<arg>css:*[src="${IMAGE 4 SRC}"]</arg>
<doc>Verifies image identified by ``locator`` is not found from current page.</doc>
<msg timestamp="20211213 21:13:43.412" level="INFO">Current page does not contain image 'css:*[src="/static/media/sauce-backpack-1200x1500.34e7aa42.jpg"]'.</msg>
<status status="PASS" starttime="20211213 21:13:43.151" endtime="20211213 21:13:43.412"/>
</kw>
<kw name="Page Should Not Contain Image" library="SeleniumLibrary">
<arg>css:*[src="${IMAGE 5 SRC}"]</arg>
<doc>Verifies image identified by ``locator`` is not found from current page.</doc>
<msg timestamp="20211213 21:13:43.673" level="INFO">Current page does not contain image 'css:*[src="/static/media/sauce-pullover-1200x1500.439fc934.jpg"]'.</msg>
<status status="PASS" starttime="20211213 21:13:43.413" endtime="20211213 21:13:43.673"/>
</kw>
<kw name="Close Browser" library="SeleniumLibrary" type="TEARDOWN">
<doc>Closes the current browser.</doc>
<status status="PASS" starttime="20211213 21:13:43.675" endtime="20211213 21:13:45.380"/>
</kw>
<status status="PASS" starttime="20211213 21:13:24.784" endtime="20211213 21:13:45.381"/>
</test>
<doc>A test suite for different login conditions

This suite tests for the following scenarios
- Successful user login
- Unsuccessful user login by locked out user
- Incorrect Password
- Logged in as a problem user with a broken inventory page</doc>
<status status="PASS" starttime="20211213 21:12:23.805" endtime="20211213 21:13:45.385"/>
</suite>
<suite id="s1-s2" name="Sort Tests" source="C:\Users\Shika\Documents\GitHub\SeleniumIDE-RobotFramework-Practice\Robot Files\sort_tests.robot">
<test id="s1-s2-t1" name="Sort Product Name (A to Z)">
<kw name="Successful Login" library="resource">
<kw name="Open Browser To Login Page" library="resource">
<kw name="Open Browser" library="SeleniumLibrary">
<arg>${LOGIN URL}</arg>
<arg>${BROWSER}</arg>
<doc>Opens a new browser instance to the optional ``url``.</doc>
<msg timestamp="20211213 21:13:45.401" level="INFO">Opening browser 'firefox' to base url 'https://www.saucedemo.com/'.</msg>
<msg timestamp="20211213 21:13:45.402" level="INFO">Firefox driver log is always forced to to: C:\Users\Shika\Documents\GitHub\SeleniumIDE-RobotFramework-Practice\geckodriver-5.log</msg>
<status status="PASS" starttime="20211213 21:13:45.400" endtime="20211213 21:13:56.028"/>
</kw>
<kw name="Maximize Browser Window" library="SeleniumLibrary">
<doc>Maximizes current browser window.</doc>
<status status="PASS" starttime="20211213 21:13:56.029" endtime="20211213 21:13:56.579"/>
</kw>
<kw name="Set Selenium Speed" library="SeleniumLibrary">
<arg>${DELAY}</arg>
<doc>Sets the delay that is waited after each Selenium command.</doc>
<status status="PASS" starttime="20211213 21:13:56.579" endtime="20211213 21:13:56.581"/>
</kw>
<kw name="Login Page Should Be Open" library="resource">
<kw name="Page Should Contain Element" library="SeleniumLibrary">
<arg>login-button</arg>
<doc>Verifies that element ``locator`` is found on the current page.</doc>
<msg timestamp="20211213 21:13:56.882" level="INFO">Current page contains element 'login-button'.</msg>
<status status="PASS" starttime="20211213 21:13:56.583" endtime="20211213 21:13:56.882"/>
</kw>
<status status="PASS" starttime="20211213 21:13:56.581" endtime="20211213 21:13:56.883"/>
</kw>
<status status="PASS" starttime="20211213 21:13:45.400" endtime="20211213 21:13:56.883"/>
</kw>
<kw name="Input Username" library="resource">
<arg>${VALID USER}</arg>
<kw name="Input Text" library="SeleniumLibrary">
<arg>user-name</arg>
<arg>${username}</arg>
<doc>Types the given ``text`` into the text field identified by ``locator``.</doc>
<msg timestamp="20211213 21:13:56.886" level="INFO">Typing text 'standard_user' into text field 'user-name'.</msg>
<status status="PASS" starttime="20211213 21:13:56.885" endtime="20211213 21:13:57.763"/>
</kw>
<status status="PASS" starttime="20211213 21:13:56.884" endtime="20211213 21:13:57.763"/>
</kw>
<kw name="Input Pass" library="resource">
<arg>${UNIVERSAL PASSWORD}</arg>
<kw name="Input Password" library="SeleniumLibrary">
<arg>password</arg>
<arg>${password}</arg>
<doc>Types the given password into the text field identified by ``locator``.</doc>
<msg timestamp="20211213 21:13:57.765" level="INFO">Typing password into text field 'password'.</msg>
<msg timestamp="20211213 21:13:58.280" level="INFO">Temporally setting log level to: NONE</msg>
<msg timestamp="20211213 21:13:58.574" level="INFO">Log level changed from NONE to INFO.</msg>
<status status="PASS" starttime="20211213 21:13:57.764" endtime="20211213 21:13:58.574"/>
</kw>
<status status="PASS" starttime="20211213 21:13:57.763" endtime="20211213 21:13:58.574"/>
</kw>
<kw name="Submit Credentials" library="resource">
<kw name="Click Button" library="SeleniumLibrary">
<arg>login-button</arg>
<doc>Clicks the button identified by ``locator``.</doc>
<msg timestamp="20211213 21:13:58.575" level="INFO">Clicking button 'login-button'.</msg>
<status status="PASS" starttime="20211213 21:13:58.575" endtime="20211213 21:13:59.701"/>
</kw>
<status status="PASS" starttime="20211213 21:13:58.575" endtime="20211213 21:13:59.701"/>
</kw>
<kw name="Home Page Should Be Open" library="resource">
<kw name="Element Text Should Be" library="SeleniumLibrary">
<arg>class:title</arg>
<arg>PRODUCTS</arg>
<doc>Verifies that element ``locator`` contains exact the text ``expected``.</doc>
<msg timestamp="20211213 21:13:59.702" level="INFO">Verifying element 'class:title' contains exact text 'PRODUCTS'.</msg>
<status status="PASS" starttime="20211213 21:13:59.702" endtime="20211213 21:14:00.237"/>
</kw>
<status status="PASS" starttime="20211213 21:13:59.701" endtime="20211213 21:14:00.237"/>
</kw>
<kw name="Home Page Is Correct" library="resource">
<kw name="Page Should Contain Element" library="SeleniumLibrary">
<arg>css:*[src="/static/media/sauce-backpack-1200x1500.34e7aa42.jpg"]</arg>
<doc>Verifies that element ``locator`` is found on the current page.</doc>
<msg timestamp="20211213 21:14:00.496" level="INFO">Current page contains element 'css:*[src="/static/media/sauce-backpack-1200x1500.34e7aa42.jpg"]'.</msg>
<status status="PASS" starttime="20211213 21:14:00.238" endtime="20211213 21:14:00.496"/>
</kw>
<status status="PASS" starttime="20211213 21:14:00.237" endtime="20211213 21:14:00.496"/>
</kw>
<status status="PASS" starttime="20211213 21:13:45.400" endtime="20211213 21:14:00.496"/>
</kw>
<kw name="Select From List By Value" library="SeleniumLibrary">
<arg>css:*[data-test="product_sort_container"]</arg>
<arg>az</arg>
<doc>Selects options from selection list ``locator`` by ``values``.</doc>
<msg timestamp="20211213 21:14:00.498" level="INFO">Selecting options from selection list 'css:*[data-test="product_sort_container"]' by value az.</msg>
<status status="PASS" starttime="20211213 21:14:00.497" endtime="20211213 21:14:02.064"/>
</kw>
<kw name="Element Text Should Be" library="SeleniumLibrary">
<arg>${FIRST TITLE XPATH}</arg>
<arg>${ITEM 4 TITLE}</arg>
<doc>Verifies that element ``locator`` contains exact the text ``expected``.</doc>
<msg timestamp="20211213 21:14:02.067" level="INFO">Verifying element 'xpath:/html/body/div/div/div/div[2]/div/div/div/div[1]/div[2]/div[1]/a/div' contains exact text 'Sauce Labs Backpack'.</msg>
<status status="PASS" starttime="20211213 21:14:02.066" endtime="20211213 21:14:02.585"/>
</kw>
<kw name="Element Attribute Value Should Be" library="SeleniumLibrary">
<arg>${FIRST IMAGE XPATH}</arg>
<arg>src</arg>
<arg>https://www.saucedemo.com${IMAGE 4 SRC}</arg>
<doc>Verifies element identified by ``locator`` contains expected attribute value.</doc>
<msg timestamp="20211213 21:14:03.108" level="INFO">Element 'xpath:/html/body/div/div/div/div[2]/div/div/div/div[1]/div[1]/a/img' attribute 'src' contains value 'https://www.saucedemo.com/static/media/sauce-backpack-1200x1500.34e7aa42.jpg'.</msg>
<status status="PASS" starttime="20211213 21:14:02.586" endtime="20211213 21:14:03.108"/>
</kw>
<kw name="Element Text Should Be" library="SeleniumLibrary">
<arg>${SECOND TITLE XPATH}</arg>
<arg>${ITEM 0 TITLE}</arg>
<doc>Verifies that element ``locator`` contains exact the text ``expected``.</doc>
<msg timestamp="20211213 21:14:03.110" level="INFO">Verifying element 'xpath:/html/body/div/div/div/div[2]/div/div/div/div[2]/div[2]/div[1]/a/div' contains exact text 'Sauce Labs Bike Light'.</msg>
<status status="PASS" starttime="20211213 21:14:03.109" endtime="20211213 21:14:03.633"/>
</kw>
<kw name="Element Attribute Value Should Be" library="SeleniumLibrary">
<arg>${SECOND IMAGE XPATH}</arg>
<arg>src</arg>
<arg>https://www.saucedemo.com${IMAGE 0 SRC}</arg>
<doc>Verifies element identified by ``locator`` contains expected attribute value.</doc>
<msg timestamp="20211213 21:14:04.151" level="INFO">Element 'xpath:/html/body/div/div/div/div[2]/div/div/div/div[2]/div[1]/a/img' attribute 'src' contains value 'https://www.saucedemo.com/static/media/bike-light-1200x1500.a0c9caae.jpg'.</msg>
<status status="PASS" starttime="20211213 21:14:03.634" endtime="20211213 21:14:04.151"/>
</kw>
<kw name="Element Text Should Be" library="SeleniumLibrary">
<arg>${THIRD TITLE XPATH}</arg>
<arg>${ITEM 1 TITLE}</arg>
<doc>Verifies that element ``locator`` contains exact the text ``expected``.</doc>
<msg timestamp="20211213 21:14:04.153" level="INFO">Verifying element 'xpath:/html/body/div/div/div/div[2]/div/div/div/div[3]/div[2]/div[1]/a/div' contains exact text 'Sauce Labs Bolt T-Shirt'.</msg>
<status status="PASS" starttime="20211213 21:14:04.152" endtime="20211213 21:14:04.670"/>
</kw>
<kw name="Element Attribute Value Should Be" library="SeleniumLibrary">
<arg>${THIRD IMAGE XPATH}</arg>
<arg>src</arg>
<arg>https://www.saucedemo.com${IMAGE 1 SRC}</arg>
<doc>Verifies element identified by ``locator`` contains expected attribute value.</doc>
<msg timestamp="20211213 21:14:05.188" level="INFO">Element 'xpath:/html/body/div/div/div/div[2]/div/div/div/div[3]/div[1]/a/img' attribute 'src' contains value 'https://www.saucedemo.com/static/media/bolt-shirt-1200x1500.c0dae290.jpg'.</msg>
<status status="PASS" starttime="20211213 21:14:04.671" endtime="20211213 21:14:05.188"/>
</kw>
<kw name="Element Text Should Be" library="SeleniumLibrary">
<arg>${FOURTH TITLE XPATH}</arg>
<arg>${ITEM 5 TITLE}</arg>
<doc>Verifies that element ``locator`` contains exact the text ``expected``.</doc>
<msg timestamp="20211213 21:14:05.190" level="INFO">Verifying element 'xpath:/html/body/div/div/div/div[2]/div/div/div/div[4]/div[2]/div[1]/a/div' contains exact text 'Sauce Labs Fleece Jacket'.</msg>
<status status="PASS" starttime="20211213 21:14:05.189" endtime="20211213 21:14:05.712"/>
</kw>
<kw name="Element Attribute Value Should Be" library="SeleniumLibrary">
<arg>${FOURTH IMAGE XPATH}</arg>
<arg>src</arg>
<arg>https://www.saucedemo.com${IMAGE 5 SRC}</arg>
<doc>Verifies element identified by ``locator`` contains expected attribute value.</doc>
<msg timestamp="20211213 21:14:06.234" level="INFO">Element 'xpath:/html/body/div/div/div/div[2]/div/div/div/div[4]/div[1]/a/img' attribute 'src' contains value 'https://www.saucedemo.com/static/media/sauce-pullover-1200x1500.439fc934.jpg'.</msg>
<status status="PASS" starttime="20211213 21:14:05.714" endtime="20211213 21:14:06.234"/>
</kw>
<kw name="Element Text Should Be" library="SeleniumLibrary">
<arg>${FIFTH TITLE XPATH}</arg>
<arg>${ITEM 2 TITLE}</arg>
<doc>Verifies that element ``locator`` contains exact the text ``expected``.</doc>
<msg timestamp="20211213 21:14:06.235" level="INFO">Verifying element 'xpath:/html/body/div/div/div/div[2]/div/div/div/div[5]/div[2]/div[1]/a/div' contains exact text 'Sauce Labs Onesie'.</msg>
<status status="PASS" starttime="20211213 21:14:06.235" endtime="20211213 21:14:06.757"/>
</kw>
<kw name="Element Attribute Value Should Be" library="SeleniumLibrary">
<arg>${FIFTH IMAGE XPATH}</arg>
<arg>src</arg>
<arg>https://www.saucedemo.com${IMAGE 2 SRC}</arg>
<doc>Verifies element identified by ``locator`` contains expected attribute value.</doc>
<msg timestamp="20211213 21:14:07.278" level="INFO">Element 'xpath:/html/body/div/div/div/div[2]/div/div/div/div[5]/div[1]/a/img' attribute 'src' contains value 'https://www.saucedemo.com/static/media/red-onesie-1200x1500.1b15e1fa.jpg'.</msg>
<status status="PASS" starttime="20211213 21:14:06.758" endtime="20211213 21:14:07.278"/>
</kw>
<kw name="Element Text Should Be" library="SeleniumLibrary">
<arg>${SIXTH TITLE XPATH}</arg>
<arg>${ITEM 3 TITLE}</arg>
<doc>Verifies that element ``locator`` contains exact the text ``expected``.</doc>
<msg timestamp="20211213 21:14:07.280" level="INFO">Verifying element 'xpath:/html/body/div/div/div/div[2]/div/div/div/div[6]/div[2]/div[1]/a/div' contains exact text 'Test.allTheThings() T-Shirt (Red)'.</msg>
<status status="PASS" starttime="20211213 21:14:07.279" endtime="20211213 21:14:07.811"/>
</kw>
<kw name="Element Attribute Value Should Be" library="SeleniumLibrary">
<arg>${SIXTH IMAGE XPATH}</arg>
<arg>src</arg>
<arg>https://www.saucedemo.com${IMAGE 3 SRC}</arg>
<doc>Verifies element identified by ``locator`` contains expected attribute value.</doc>
<msg timestamp="20211213 21:14:08.332" level="INFO">Element 'xpath:/html/body/div/div/div/div[2]/div/div/div/div[6]/div[1]/a/img' attribute 'src' contains value 'https://www.saucedemo.com/static/media/red-tatt-1200x1500.e32b4ef9.jpg'.</msg>
<status status="PASS" starttime="20211213 21:14:07.812" endtime="20211213 21:14:08.332"/>
</kw>
<kw name="Close Browser" library="SeleniumLibrary" type="TEARDOWN">
<doc>Closes the current browser.</doc>
<status status="PASS" starttime="20211213 21:14:08.333" endtime="20211213 21:14:10.144"/>
</kw>
<status status="PASS" starttime="20211213 21:13:45.398" endtime="20211213 21:14:10.145"/>
</test>
<test id="s1-s2-t2" name="Sort Product Name (Z to A)">
<kw name="Successful Login" library="resource">
<kw name="Open Browser To Login Page" library="resource">
<kw name="Open Browser" library="SeleniumLibrary">
<arg>${LOGIN URL}</arg>
<arg>${BROWSER}</arg>
<doc>Opens a new browser instance to the optional ``url``.</doc>
<msg timestamp="20211213 21:14:10.150" level="INFO">Opening browser 'firefox' to base url 'https://www.saucedemo.com/'.</msg>
<msg timestamp="20211213 21:14:10.152" level="INFO">Firefox driver log is always forced to to: C:\Users\Shika\Documents\GitHub\SeleniumIDE-RobotFramework-Practice\geckodriver-6.log</msg>
<status status="PASS" starttime="20211213 21:14:10.150" endtime="20211213 21:14:20.349"/>
</kw>
<kw name="Maximize Browser Window" library="SeleniumLibrary">
<doc>Maximizes current browser window.</doc>
<status status="PASS" starttime="20211213 21:14:20.350" endtime="20211213 21:14:20.883"/>
</kw>
<kw name="Set Selenium Speed" library="SeleniumLibrary">
<arg>${DELAY}</arg>
<doc>Sets the delay that is waited after each Selenium command.</doc>
<status status="PASS" starttime="20211213 21:14:20.883" endtime="20211213 21:14:20.885"/>
</kw>
<kw name="Login Page Should Be Open" library="resource">
<kw name="Page Should Contain Element" library="SeleniumLibrary">
<arg>login-button</arg>
<doc>Verifies that element ``locator`` is found on the current page.</doc>
<msg timestamp="20211213 21:14:21.172" level="INFO">Current page contains element 'login-button'.</msg>
<status status="PASS" starttime="20211213 21:14:20.887" endtime="20211213 21:14:21.172"/>
</kw>
<status status="PASS" starttime="20211213 21:14:20.885" endtime="20211213 21:14:21.173"/>
</kw>
<status status="PASS" starttime="20211213 21:14:10.150" endtime="20211213 21:14:21.174"/>
</kw>
<kw name="Input Username" library="resource">
<arg>${VALID USER}</arg>
<kw name="Input Text" library="SeleniumLibrary">
<arg>user-name</arg>
<arg>${username}</arg>
<doc>Types the given ``text`` into the text field identified by ``locator``.</doc>
<msg timestamp="20211213 21:14:21.178" level="INFO">Typing text 'standard_user' into text field 'user-name'.</msg>
<status status="PASS" starttime="20211213 21:14:21.177" endtime="20211213 21:14:22.100"/>
</kw>
<status status="PASS" starttime="20211213 21:14:21.175" endtime="20211213 21:14:22.101"/>
</kw>
<kw name="Input Pass" library="resource">
<arg>${UNIVERSAL PASSWORD}</arg>
<kw name="Input Password" library="SeleniumLibrary">
<arg>password</arg>
<arg>${password}</arg>
<doc>Types the given password into the text field identified by ``locator``.</doc>
<msg timestamp="20211213 21:14:22.104" level="INFO">Typing password into text field 'password'.</msg>
<msg timestamp="20211213 21:14:22.637" level="INFO">Temporally setting log level to: NONE</msg>
<msg timestamp="20211213 21:14:22.946" level="INFO">Log level changed from NONE to INFO.</msg>
<status status="PASS" starttime="20211213 21:14:22.103" endtime="20211213 21:14:22.946"/>
</kw>
<status status="PASS" starttime="20211213 21:14:22.101" endtime="20211213 21:14:22.947"/>
</kw>
<kw name="Submit Credentials" library="resource">
<kw name="Click Button" library="SeleniumLibrary">
<arg>login-button</arg>
<doc>Clicks the button identified by ``locator``.</doc>
<msg timestamp="20211213 21:14:22.947" level="INFO">Clicking button 'login-button'.</msg>
<status status="PASS" starttime="20211213 21:14:22.947" endtime="20211213 21:14:24.020"/>
</kw>
<status status="PASS" starttime="20211213 21:14:22.947" endtime="20211213 21:14:24.020"/>
</kw>
<kw name="Home Page Should Be Open" library="resource">
<kw name="Element Text Should Be" library="SeleniumLibrary">
<arg>class:title</arg>
<arg>PRODUCTS</arg>
<doc>Verifies that element ``locator`` contains exact the text ``expected``.</doc>
<msg timestamp="20211213 21:14:24.022" level="INFO">Verifying element 'class:title' contains exact text 'PRODUCTS'.</msg>
<status status="PASS" starttime="20211213 21:14:24.022" endtime="20211213 21:14:24.569"/>
</kw>
<status status="PASS" starttime="20211213 21:14:24.021" endtime="20211213 21:14:24.569"/>
</kw>
<kw name="Home Page Is Correct" library="resource">
<kw name="Page Should Contain Element" library="SeleniumLibrary">
<arg>css:*[src="/static/media/sauce-backpack-1200x1500.34e7aa42.jpg"]</arg>
<doc>Verifies that element ``locator`` is found on the current page.</doc>
<msg timestamp="20211213 21:14:24.832" level="INFO">Current page contains element 'css:*[src="/static/media/sauce-backpack-1200x1500.34e7aa42.jpg"]'.</msg>
<status status="PASS" starttime="20211213 21:14:24.570" endtime="20211213 21:14:24.832"/>
</kw>
<status status="PASS" starttime="20211213 21:14:24.569" endtime="20211213 21:14:24.832"/>
</kw>
<status status="PASS" starttime="20211213 21:14:10.149" endtime="20211213 21:14:24.833"/>
</kw>
<kw name="Select From List By Value" library="SeleniumLibrary">
<arg>css:*[data-test="product_sort_container"]</arg>
<arg>za</arg>
<doc>Selects options from selection list ``locator`` by ``values``.</doc>
<msg timestamp="20211213 21:14:24.834" level="INFO">Selecting options from selection list 'css:*[data-test="product_sort_container"]' by value za.</msg>
<status status="PASS" starttime="20211213 21:14:24.833" endtime="20211213 21:14:26.970"/>
</kw>
<kw name="Element Text Should Be" library="SeleniumLibrary">
<arg>${FIRST TITLE XPATH}</arg>
<arg>${ITEM 3 TITLE}</arg>
<doc>Verifies that element ``locator`` contains exact the text ``expected``.</doc>
<msg timestamp="20211213 21:14:26.973" level="INFO">Verifying element 'xpath:/html/body/div/div/div/div[2]/div/div/div/div[1]/div[2]/div[1]/a/div' contains exact text 'Test.allTheThings() T-Shirt (Red)'.</msg>
<status status="PASS" starttime="20211213 21:14:26.972" endtime="20211213 21:14:27.502"/>
</kw>
<kw name="Element Attribute Value Should Be" library="SeleniumLibrary">
<arg>${FIRST IMAGE XPATH}</arg>
<arg>src</arg>
<arg>https://www.saucedemo.com${IMAGE 3 SRC}</arg>
<doc>Verifies element identified by ``locator`` contains expected attribute value.</doc>
<msg timestamp="20211213 21:14:28.032" level="INFO">Element 'xpath:/html/body/div/div/div/div[2]/div/div/div/div[1]/div[1]/a/img' attribute 'src' contains value 'https://www.saucedemo.com/static/media/red-tatt-1200x1500.e32b4ef9.jpg'.</msg>
<status status="PASS" starttime="20211213 21:14:27.504" endtime="20211213 21:14:28.032"/>
</kw>
<kw name="Element Text Should Be" library="SeleniumLibrary">
<arg>${SECOND TITLE XPATH}</arg>
<arg>${ITEM 2 TITLE}</arg>
<doc>Verifies that element ``locator`` contains exact the text ``expected``.</doc>
<msg timestamp="20211213 21:14:28.035" level="INFO">Verifying element 'xpath:/html/body/div/div/div/div[2]/div/div/div/div[2]/div[2]/div[1]/a/div' contains exact text 'Sauce Labs Onesie'.</msg>
<status status="PASS" starttime="20211213 21:14:28.034" endtime="20211213 21:14:28.568"/>
</kw>
<kw name="Element Attribute Value Should Be" library="SeleniumLibrary">
<arg>${SECOND IMAGE XPATH}</arg>
<arg>src</arg>
<arg>https://www.saucedemo.com${IMAGE 2 SRC}</arg>
<doc>Verifies element identified by ``locator`` contains expected attribute value.</doc>
<msg timestamp="20211213 21:14:29.088" level="INFO">Element 'xpath:/html/body/div/div/div/div[2]/div/div/div/div[2]/div[1]/a/img' attribute 'src' contains value 'https://www.saucedemo.com/static/media/red-onesie-1200x1500.1b15e1fa.jpg'.</msg>
<status status="PASS" starttime="20211213 21:14:28.569" endtime="20211213 21:14:29.088"/>
</kw>
<kw name="Element Text Should Be" library="SeleniumLibrary">
<arg>${THIRD TITLE XPATH}</arg>
<arg>${ITEM 5 TITLE}</arg>
<doc>Verifies that element ``locator`` contains exact the text ``expected``.</doc>
<msg timestamp="20211213 21:14:29.091" level="INFO">Verifying element 'xpath:/html/body/div/div/div/div[2]/div/div/div/div[3]/div[2]/div[1]/a/div' contains exact text 'Sauce Labs Fleece Jacket'.</msg>
<status status="PASS" starttime="20211213 21:14:29.090" endtime="20211213 21:14:29.619"/>
</kw>
<kw name="Element Attribute Value Should Be" library="SeleniumLibrary">
<arg>${THIRD IMAGE XPATH}</arg>
<arg>src</arg>
<arg>https://www.saucedemo.com${IMAGE 5 SRC}</arg>
<doc>Verifies element identified by ``locator`` contains expected attribute value.</doc>
<msg timestamp="20211213 21:14:30.149" level="INFO">Element 'xpath:/html/body/div/div/div/div[2]/div/div/div/div[3]/div[1]/a/img' attribute 'src' contains value 'https://www.saucedemo.com/static/media/sauce-pullover-1200x1500.439fc934.jpg'.</msg>
<status status="PASS" starttime="20211213 21:14:29.621" endtime="20211213 21:14:30.149"/>
</kw>
<kw name="Element Text Should Be" library="SeleniumLibrary">
<arg>${FOURTH TITLE XPATH}</arg>
<arg>${ITEM 1 TITLE}</arg>
<doc>Verifies that element ``locator`` contains exact the text ``expected``.</doc>
<msg timestamp="20211213 21:14:30.150" level="INFO">Verifying element 'xpath:/html/body/div/div/div/div[2]/div/div/div/div[4]/div[2]/div[1]/a/div' contains exact text 'Sauce Labs Bolt T-Shirt'.</msg>
<status status="PASS" starttime="20211213 21:14:30.150" endtime="20211213 21:14:30.673"/>
</kw>
<kw name="Element Attribute Value Should Be" library="SeleniumLibrary">
<arg>${FOURTH IMAGE XPATH}</arg>
<arg>src</arg>
<arg>https://www.saucedemo.com${IMAGE 1 SRC}</arg>
<doc>Verifies element identified by ``locator`` contains expected attribute value.</doc>
<msg timestamp="20211213 21:14:31.197" level="INFO">Element 'xpath:/html/body/div/div/div/div[2]/div/div/div/div[4]/div[1]/a/img' attribute 'src' contains value 'https://www.saucedemo.com/static/media/bolt-shirt-1200x1500.c0dae290.jpg'.</msg>
<status status="PASS" starttime="20211213 21:14:30.675" endtime="20211213 21:14:31.197"/>
</kw>
<kw name="Element Text Should Be" library="SeleniumLibrary">
<arg>${FIFTH TITLE XPATH}</arg>
<arg>${ITEM 0 TITLE}</arg>
<doc>Verifies that element ``locator`` contains exact the text ``expected``.</doc>
<msg timestamp="20211213 21:14:31.198" level="INFO">Verifying element 'xpath:/html/body/div/div/div/div[2]/div/div/div/div[5]/div[2]/div[1]/a/div' contains exact text 'Sauce Labs Bike Light'.</msg>
<status status="PASS" starttime="20211213 21:14:31.198" endtime="20211213 21:14:31.718"/>
</kw>
<kw name="Element Attribute Value Should Be" library="SeleniumLibrary">
<arg>${FIFTH IMAGE XPATH}</arg>
<arg>src</arg>
<arg>https://www.saucedemo.com${IMAGE 0 SRC}</arg>
<doc>Verifies element identified by ``locator`` contains expected attribute value.</doc>
<msg timestamp="20211213 21:14:32.243" level="INFO">Element 'xpath:/html/body/div/div/div/div[2]/div/div/div/div[5]/div[1]/a/img' attribute 'src' contains value 'https://www.saucedemo.com/static/media/bike-light-1200x1500.a0c9caae.jpg'.</msg>
<status status="PASS" starttime="20211213 21:14:31.720" endtime="20211213 21:14:32.243"/>
</kw>
<kw name="Element Text Should Be" library="SeleniumLibrary">
<arg>${SIXTH TITLE XPATH}</arg>
<arg>${ITEM 4 TITLE}</arg>
<doc>Verifies that element ``locator`` contains exact the text ``expected``.</doc>
<msg timestamp="20211213 21:14:32.245" level="INFO">Verifying element 'xpath:/html/body/div/div/div/div[2]/div/div/div/div[6]/div[2]/div[1]/a/div' contains exact text 'Sauce Labs Backpack'.</msg>
<status status="PASS" starttime="20211213 21:14:32.245" endtime="20211213 21:14:32.765"/>
</kw>
<kw name="Element Attribute Value Should Be" library="SeleniumLibrary">
<arg>${SIXTH IMAGE XPATH}</arg>
<arg>src</arg>
<arg>https://www.saucedemo.com${IMAGE 4 SRC}</arg>
<doc>Verifies element identified by ``locator`` contains expected attribute value.</doc>
<msg timestamp="20211213 21:14:33.285" level="INFO">Element 'xpath:/html/body/div/div/div/div[2]/div/div/div/div[6]/div[1]/a/img' attribute 'src' contains value 'https://www.saucedemo.com/static/media/sauce-backpack-1200x1500.34e7aa42.jpg'.</msg>
<status status="PASS" starttime="20211213 21:14:32.766" endtime="20211213 21:14:33.285"/>
</kw>
<kw name="Close Browser" library="SeleniumLibrary" type="TEARDOWN">
<doc>Closes the current browser.</doc>
<status status="PASS" starttime="20211213 21:14:33.287" endtime="20211213 21:14:35.376"/>
</kw>
<status status="PASS" starttime="20211213 21:14:10.148" endtime="20211213 21:14:35.377"/>
</test>
<test id="s1-s2-t3" name="Sort Product Price (Low to High)">
<kw name="Successful Login" library="resource">
<kw name="Open Browser To Login Page" library="resource">
<kw name="Open Browser" library="SeleniumLibrary">
<arg>${LOGIN URL}</arg>
<arg>${BROWSER}</arg>
<doc>Opens a new browser instance to the optional ``url``.</doc>
<msg timestamp="20211213 21:14:35.384" level="INFO">Opening browser 'firefox' to base url 'https://www.saucedemo.com/'.</msg>
<msg timestamp="20211213 21:14:35.385" level="INFO">Firefox driver log is always forced to to: C:\Users\Shika\Documents\GitHub\SeleniumIDE-RobotFramework-Practice\geckodriver-7.log</msg>
<status status="PASS" starttime="20211213 21:14:35.383" endtime="20211213 21:14:45.673"/>
</kw>
<kw name="Maximize Browser Window" library="SeleniumLibrary">
<doc>Maximizes current browser window.</doc>
<status status="PASS" starttime="20211213 21:14:45.674" endtime="20211213 21:14:46.204"/>
</kw>
<kw name="Set Selenium Speed" library="SeleniumLibrary">
<arg>${DELAY}</arg>
<doc>Sets the delay that is waited after each Selenium command.</doc>
<status status="PASS" starttime="20211213 21:14:46.204" endtime="20211213 21:14:46.206"/>
</kw>
<kw name="Login Page Should Be Open" library="resource">
<kw name="Page Should Contain Element" library="SeleniumLibrary">
<arg>login-button</arg>
<doc>Verifies that element ``locator`` is found on the current page.</doc>
<msg timestamp="20211213 21:14:46.493" level="INFO">Current page contains element 'login-button'.</msg>
<status status="PASS" starttime="20211213 21:14:46.207" endtime="20211213 21:14:46.493"/>
</kw>
<status status="PASS" starttime="20211213 21:14:46.206" endtime="20211213 21:14:46.494"/>
</kw>
<status status="PASS" starttime="20211213 21:14:35.383" endtime="20211213 21:14:46.494"/>
</kw>
<kw name="Input Username" library="resource">
<arg>${VALID USER}</arg>
<kw name="Input Text" library="SeleniumLibrary">
<arg>user-name</arg>
<arg>${username}</arg>
<doc>Types the given ``text`` into the text field identified by ``locator``.</doc>
<msg timestamp="20211213 21:14:46.496" level="INFO">Typing text 'standard_user' into text field 'user-name'.</msg>
<status status="PASS" starttime="20211213 21:14:46.495" endtime="20211213 21:14:47.385"/>
</kw>
<status status="PASS" starttime="20211213 21:14:46.494" endtime="20211213 21:14:47.385"/>
</kw>
<kw name="Input Pass" library="resource">
<arg>${UNIVERSAL PASSWORD}</arg>
<kw name="Input Password" library="SeleniumLibrary">
<arg>password</arg>
<arg>${password}</arg>
<doc>Types the given password into the text field identified by ``locator``.</doc>
<msg timestamp="20211213 21:14:47.387" level="INFO">Typing password into text field 'password'.</msg>
<msg timestamp="20211213 21:14:47.907" level="INFO">Temporally setting log level to: NONE</msg>
<msg timestamp="20211213 21:14:48.227" level="INFO">Log level changed from NONE to INFO.</msg>
<status status="PASS" starttime="20211213 21:14:47.387" endtime="20211213 21:14:48.227"/>
</kw>
<status status="PASS" starttime="20211213 21:14:47.386" endtime="20211213 21:14:48.227"/>
</kw>
<kw name="Submit Credentials" library="resource">
<kw name="Click Button" library="SeleniumLibrary">
<arg>login-button</arg>
<doc>Clicks the button identified by ``locator``.</doc>
<msg timestamp="20211213 21:14:48.229" level="INFO">Clicking button 'login-button'.</msg>
<status status="PASS" starttime="20211213 21:14:48.228" endtime="20211213 21:14:49.266"/>
</kw>
<status status="PASS" starttime="20211213 21:14:48.228" endtime="20211213 21:14:49.266"/>
</kw>
<kw name="Home Page Should Be Open" library="resource">
<kw name="Element Text Should Be" library="SeleniumLibrary">
<arg>class:title</arg>
<arg>PRODUCTS</arg>
<doc>Verifies that element ``locator`` contains exact the text ``expected``.</doc>
<msg timestamp="20211213 21:14:49.267" level="INFO">Verifying element 'class:title' contains exact text 'PRODUCTS'.</msg>
<status status="PASS" starttime="20211213 21:14:49.267" endtime="20211213 21:14:49.820"/>
</kw>
<status status="PASS" starttime="20211213 21:14:49.266" endtime="20211213 21:14:49.820"/>
</kw>
<kw name="Home Page Is Correct" library="resource">
<kw name="Page Should Contain Element" library="SeleniumLibrary">
<arg>css:*[src="/static/media/sauce-backpack-1200x1500.34e7aa42.jpg"]</arg>
<doc>Verifies that element ``locator`` is found on the current page.</doc>
<msg timestamp="20211213 21:14:50.080" level="INFO">Current page contains element 'css:*[src="/static/media/sauce-backpack-1200x1500.34e7aa42.jpg"]'.</msg>
<status status="PASS" starttime="20211213 21:14:49.821" endtime="20211213 21:14:50.080"/>
</kw>
<status status="PASS" starttime="20211213 21:14:49.820" endtime="20211213 21:14:50.080"/>
</kw>
<status status="PASS" starttime="20211213 21:14:35.382" endtime="20211213 21:14:50.080"/>
</kw>
<kw name="Select From List By Value" library="SeleniumLibrary">
<arg>css:*[data-test="product_sort_container"]</arg>
<arg>lohi</arg>
<doc>Selects options from selection list ``locator`` by ``values``.</doc>
<msg timestamp="20211213 21:14:50.082" level="INFO">Selecting options from selection list 'css:*[data-test="product_sort_container"]' by value lohi.</msg>
<status status="PASS" starttime="20211213 21:14:50.082" endtime="20211213 21:14:52.185"/>
</kw>
<kw name="Element Text Should Be" library="SeleniumLibrary">
<arg>${FIRST TITLE XPATH}</arg>
<arg>${ITEM 2 TITLE}</arg>
<doc>Verifies that element ``locator`` contains exact the text ``expected``.</doc>
<msg timestamp="20211213 21:14:52.187" level="INFO">Verifying element 'xpath:/html/body/div/div/div/div[2]/div/div/div/div[1]/div[2]/div[1]/a/div' contains exact text 'Sauce Labs Onesie'.</msg>
<status status="PASS" starttime="20211213 21:14:52.186" endtime="20211213 21:14:52.706"/>
</kw>
<kw name="Element Attribute Value Should Be" library="SeleniumLibrary">
<arg>${FIRST IMAGE XPATH}</arg>
<arg>src</arg>
<arg>https://www.saucedemo.com${IMAGE 2 SRC}</arg>
<doc>Verifies element identified by ``locator`` contains expected attribute value.</doc>
<msg timestamp="20211213 21:14:53.229" level="INFO">Element 'xpath:/html/body/div/div/div/div[2]/div/div/div/div[1]/div[1]/a/img' attribute 'src' contains value 'https://www.saucedemo.com/static/media/red-onesie-1200x1500.1b15e1fa.jpg'.</msg>
<status status="PASS" starttime="20211213 21:14:52.708" endtime="20211213 21:14:53.229"/>
</kw>
<kw name="Element Text Should Be" library="SeleniumLibrary">
<arg>${SECOND TITLE XPATH}</arg>
<arg>${ITEM 0 TITLE}</arg>
<doc>Verifies that element ``locator`` contains exact the text ``expected``.</doc>
<msg timestamp="20211213 21:14:53.230" level="INFO">Verifying element 'xpath:/html/body/div/div/div/div[2]/div/div/div/div[2]/div[2]/div[1]/a/div' contains exact text 'Sauce Labs Bike Light'.</msg>
<status status="PASS" starttime="20211213 21:14:53.230" endtime="20211213 21:14:53.746"/>
</kw>
<kw name="Element Attribute Value Should Be" library="SeleniumLibrary">
<arg>${SECOND IMAGE XPATH}</arg>
<arg>src</arg>
<arg>https://www.saucedemo.com${IMAGE 0 SRC}</arg>
<doc>Verifies element identified by ``locator`` contains expected attribute value.</doc>
<msg timestamp="20211213 21:14:54.269" level="INFO">Element 'xpath:/html/body/div/div/div/div[2]/div/div/div/div[2]/div[1]/a/img' attribute 'src' contains value 'https://www.saucedemo.com/static/media/bike-light-1200x1500.a0c9caae.jpg'.</msg>
<status status="PASS" starttime="20211213 21:14:53.747" endtime="20211213 21:14:54.269"/>
</kw>
<kw name="Element Text Should Be" library="SeleniumLibrary">
<arg>${THIRD TITLE XPATH}</arg>
<arg>${ITEM 1 TITLE}</arg>
<doc>Verifies that element ``locator`` contains exact the text ``expected``.</doc>
<msg timestamp="20211213 21:14:54.271" level="INFO">Verifying element 'xpath:/html/body/div/div/div/div[2]/div/div/div/div[3]/div[2]/div[1]/a/div' contains exact text 'Sauce Labs Bolt T-Shirt'.</msg>
<status status="PASS" starttime="20211213 21:14:54.270" endtime="20211213 21:14:54.804"/>
</kw>
<kw name="Element Attribute Value Should Be" library="SeleniumLibrary">
<arg>${THIRD IMAGE XPATH}</arg>
<arg>src</arg>
<arg>https://www.saucedemo.com${IMAGE 1 SRC}</arg>
<doc>Verifies element identified by ``locator`` contains expected attribute value.</doc>
<msg timestamp="20211213 21:14:55.326" level="INFO">Element 'xpath:/html/body/div/div/div/div[2]/div/div/div/div[3]/div[1]/a/img' attribute 'src' contains value 'https://www.saucedemo.com/static/media/bolt-shirt-1200x1500.c0dae290.jpg'.</msg>
<status status="PASS" starttime="20211213 21:14:54.805" endtime="20211213 21:14:55.326"/>
</kw>
<kw name="Element Text Should Be" library="SeleniumLibrary">
<arg>${FOURTH TITLE XPATH}</arg>
<arg>${ITEM 3 TITLE}</arg>
<doc>Verifies that element ``locator`` contains exact the text ``expected``.</doc>
<msg timestamp="20211213 21:14:55.328" level="INFO">Verifying element 'xpath:/html/body/div/div/div/div[2]/div/div/div/div[4]/div[2]/div[1]/a/div' contains exact text 'Test.allTheThings() T-Shirt (Red)'.</msg>
<status status="PASS" starttime="20211213 21:14:55.327" endtime="20211213 21:14:55.846"/>
</kw>
<kw name="Element Attribute Value Should Be" library="SeleniumLibrary">
<arg>${FOURTH IMAGE XPATH}</arg>
<arg>src</arg>
<arg>https://www.saucedemo.com${IMAGE 3 SRC}</arg>
<doc>Verifies element identified by ``locator`` contains expected attribute value.</doc>
<msg timestamp="20211213 21:14:56.369" level="INFO">Element 'xpath:/html/body/div/div/div/div[2]/div/div/div/div[4]/div[1]/a/img' attribute 'src' contains value 'https://www.saucedemo.com/static/media/red-tatt-1200x1500.e32b4ef9.jpg'.</msg>
<status status="PASS" starttime="20211213 21:14:55.848" endtime="20211213 21:14:56.369"/>
</kw>
<kw name="Element Text Should Be" library="SeleniumLibrary">
<arg>${FIFTH TITLE XPATH}</arg>
<arg>${ITEM 4 TITLE}</arg>
<doc>Verifies that element ``locator`` contains exact the text ``expected``.</doc>
<msg timestamp="20211213 21:14:56.371" level="INFO">Verifying element 'xpath:/html/body/div/div/div/div[2]/div/div/div/div[5]/div[2]/div[1]/a/div' contains exact text 'Sauce Labs Backpack'.</msg>
<status status="PASS" starttime="20211213 21:14:56.370" endtime="20211213 21:14:56.891"/>
</kw>
<kw name="Element Attribute Value Should Be" library="SeleniumLibrary">
<arg>${FIFTH IMAGE XPATH}</arg>
<arg>src</arg>
<arg>https://www.saucedemo.com${IMAGE 4 SRC}</arg>
<doc>Verifies element identified by ``locator`` contains expected attribute value.</doc>
<msg timestamp="20211213 21:14:57.416" level="INFO">Element 'xpath:/html/body/div/div/div/div[2]/div/div/div/div[5]/div[1]/a/img' attribute 'src' contains value 'https://www.saucedemo.com/static/media/sauce-backpack-1200x1500.34e7aa42.jpg'.</msg>
<status status="PASS" starttime="20211213 21:14:56.892" endtime="20211213 21:14:57.416"/>
</kw>
<kw name="Element Text Should Be" library="SeleniumLibrary">
<arg>${SIXTH TITLE XPATH}</arg>
<arg>${ITEM 5 TITLE}</arg>
<doc>Verifies that element ``locator`` contains exact the text ``expected``.</doc>
<msg timestamp="20211213 21:14:57.418" level="INFO">Verifying element 'xpath:/html/body/div/div/div/div[2]/div/div/div/div[6]/div[2]/div[1]/a/div' contains exact text 'Sauce Labs Fleece Jacket'.</msg>
<status status="PASS" starttime="20211213 21:14:57.417" endtime="20211213 21:14:57.932"/>
</kw>
<kw name="Element Attribute Value Should Be" library="SeleniumLibrary">
<arg>${SIXTH IMAGE XPATH}</arg>
<arg>src</arg>
<arg>https://www.saucedemo.com${IMAGE 5 SRC}</arg>
<doc>Verifies element identified by ``locator`` contains expected attribute value.</doc>
<msg timestamp="20211213 21:14:58.455" level="INFO">Element 'xpath:/html/body/div/div/div/div[2]/div/div/div/div[6]/div[1]/a/img' attribute 'src' contains value 'https://www.saucedemo.com/static/media/sauce-pullover-1200x1500.439fc934.jpg'.</msg>
<status status="PASS" starttime="20211213 21:14:57.933" endtime="20211213 21:14:58.455"/>
</kw>
<kw name="Close Browser" library="SeleniumLibrary" type="TEARDOWN">
<doc>Closes the current browser.</doc>
<status status="PASS" starttime="20211213 21:14:58.457" endtime="20211213 21:15:00.650"/>
</kw>
<status status="PASS" starttime="20211213 21:14:35.381" endtime="20211213 21:15:00.651"/>
</test>
<test id="s1-s2-t4" name="Sort Product Price (High to Low)">
<kw name="Successful Login" library="resource">
<kw name="Open Browser To Login Page" library="resource">
<kw name="Open Browser" library="SeleniumLibrary">
<arg>${LOGIN URL}</arg>
<arg>${BROWSER}</arg>
<doc>Opens a new browser instance to the optional ``url``.</doc>
<msg timestamp="20211213 21:15:00.658" level="INFO">Opening browser 'firefox' to base url 'https://www.saucedemo.com/'.</msg>
<msg timestamp="20211213 21:15:00.660" level="INFO">Firefox driver log is always forced to to: C:\Users\Shika\Documents\GitHub\SeleniumIDE-RobotFramework-Practice\geckodriver-8.log</msg>
<status status="PASS" starttime="20211213 21:15:00.657" endtime="20211213 21:15:12.948"/>
</kw>
<kw name="Maximize Browser Window" library="SeleniumLibrary">
<doc>Maximizes current browser window.</doc>
<status status="PASS" starttime="20211213 21:15:12.949" endtime="20211213 21:15:13.513"/>
</kw>
<kw name="Set Selenium Speed" library="SeleniumLibrary">
<arg>${DELAY}</arg>
<doc>Sets the delay that is waited after each Selenium command.</doc>
<status status="PASS" starttime="20211213 21:15:13.514" endtime="20211213 21:15:13.515"/>
</kw>
<kw name="Login Page Should Be Open" library="resource">
<kw name="Page Should Contain Element" library="SeleniumLibrary">
<arg>login-button</arg>
<doc>Verifies that element ``locator`` is found on the current page.</doc>
<msg timestamp="20211213 21:15:13.816" level="INFO">Current page contains element 'login-button'.</msg>
<status status="PASS" starttime="20211213 21:15:13.517" endtime="20211213 21:15:13.816"/>
</kw>
<status status="PASS" starttime="20211213 21:15:13.515" endtime="20211213 21:15:13.817"/>
</kw>
<status status="PASS" starttime="20211213 21:15:00.657" endtime="20211213 21:15:13.817"/>
</kw>
<kw name="Input Username" library="resource">
<arg>${VALID USER}</arg>
<kw name="Input Text" library="SeleniumLibrary">
<arg>user-name</arg>
<arg>${username}</arg>
<doc>Types the given ``text`` into the text field identified by ``locator``.</doc>
<msg timestamp="20211213 21:15:13.821" level="INFO">Typing text 'standard_user' into text field 'user-name'.</msg>
<status status="PASS" starttime="20211213 21:15:13.820" endtime="20211213 21:15:14.712"/>
</kw>
<status status="PASS" starttime="20211213 21:15:13.818" endtime="20211213 21:15:14.713"/>
</kw>
<kw name="Input Pass" library="resource">
<arg>${UNIVERSAL PASSWORD}</arg>
<kw name="Input Password" library="SeleniumLibrary">
<arg>password</arg>
<arg>${password}</arg>
<doc>Types the given password into the text field identified by ``locator``.</doc>
<msg timestamp="20211213 21:15:14.715" level="INFO">Typing password into text field 'password'.</msg>
<msg timestamp="20211213 21:15:15.309" level="INFO">Temporally setting log level to: NONE</msg>
<msg timestamp="20211213 21:15:15.633" level="INFO">Log level changed from NONE to INFO.</msg>
<status status="PASS" starttime="20211213 21:15:14.715" endtime="20211213 21:15:15.633"/>
</kw>
<status status="PASS" starttime="20211213 21:15:14.713" endtime="20211213 21:15:15.633"/>
</kw>
<kw name="Submit Credentials" library="resource">
<kw name="Click Button" library="SeleniumLibrary">
<arg>login-button</arg>
<doc>Clicks the button identified by ``locator``.</doc>
<msg timestamp="20211213 21:15:15.635" level="INFO">Clicking button 'login-button'.</msg>
<status status="PASS" starttime="20211213 21:15:15.634" endtime="20211213 21:15:16.870"/>
</kw>
<status status="PASS" starttime="20211213 21:15:15.634" endtime="20211213 21:15:16.871"/>
</kw>
<kw name="Home Page Should Be Open" library="resource">
<kw name="Element Text Should Be" library="SeleniumLibrary">
<arg>class:title</arg>
<arg>PRODUCTS</arg>
<doc>Verifies that element ``locator`` contains exact the text ``expected``.</doc>
<msg timestamp="20211213 21:15:16.872" level="INFO">Verifying element 'class:title' contains exact text 'PRODUCTS'.</msg>
<status status="PASS" starttime="20211213 21:15:16.871" endtime="20211213 21:15:17.405"/>
</kw>
<status status="PASS" starttime="20211213 21:15:16.871" endtime="20211213 21:15:17.405"/>
</kw>
<kw name="Home Page Is Correct" library="resource">
<kw name="Page Should Contain Element" library="SeleniumLibrary">
<arg>css:*[src="/static/media/sauce-backpack-1200x1500.34e7aa42.jpg"]</arg>
<doc>Verifies that element ``locator`` is found on the current page.</doc>
<msg timestamp="20211213 21:15:17.667" level="INFO">Current page contains element 'css:*[src="/static/media/sauce-backpack-1200x1500.34e7aa42.jpg"]'.</msg>
<status status="PASS" starttime="20211213 21:15:17.406" endtime="20211213 21:15:17.667"/>
</kw>
<status status="PASS" starttime="20211213 21:15:17.405" endtime="20211213 21:15:17.667"/>
</kw>
<status status="PASS" starttime="20211213 21:15:00.656" endtime="20211213 21:15:17.668"/>
</kw>
<kw name="Select From List By Value" library="SeleniumLibrary">
<arg>css:*[data-test="product_sort_container"]</arg>
<arg>hilo</arg>
<doc>Selects options from selection list ``locator`` by ``values``.</doc>
<msg timestamp="20211213 21:15:17.669" level="INFO">Selecting options from selection list 'css:*[data-test="product_sort_container"]' by value hilo.</msg>
<status status="PASS" starttime="20211213 21:15:17.668" endtime="20211213 21:15:20.721"/>
</kw>
<kw name="Element Text Should Be" library="SeleniumLibrary">
<arg>${FIRST TITLE XPATH}</arg>
<arg>${ITEM 5 TITLE}</arg>
<doc>Verifies that element ``locator`` contains exact the text ``expected``.</doc>
<msg timestamp="20211213 21:15:20.724" level="INFO">Verifying element 'xpath:/html/body/div/div/div/div[2]/div/div/div/div[1]/div[2]/div[1]/a/div' contains exact text 'Sauce Labs Fleece Jacket'.</msg>
<status status="PASS" starttime="20211213 21:15:20.723" endtime="20211213 21:15:21.289"/>
</kw>
<kw name="Element Attribute Value Should Be" library="SeleniumLibrary">
<arg>${FIRST IMAGE XPATH}</arg>
<arg>src</arg>
<arg>https://www.saucedemo.com${IMAGE 5 SRC}</arg>
<doc>Verifies element identified by ``locator`` contains expected attribute value.</doc>
<msg timestamp="20211213 21:15:21.854" level="INFO">Element 'xpath:/html/body/div/div/div/div[2]/div/div/div/div[1]/div[1]/a/img' attribute 'src' contains value 'https://www.saucedemo.com/static/media/sauce-pullover-1200x1500.439fc934.jpg'.</msg>
<status status="PASS" starttime="20211213 21:15:21.290" endtime="20211213 21:15:21.854"/>
</kw>
<kw name="Element Text Should Be" library="SeleniumLibrary">
<arg>${SECOND TITLE XPATH}</arg>
<arg>${ITEM 4 TITLE}</arg>
<doc>Verifies that element ``locator`` contains exact the text ``expected``.</doc>
<msg timestamp="20211213 21:15:21.858" level="INFO">Verifying element 'xpath:/html/body/div/div/div/div[2]/div/div/div/div[2]/div[2]/div[1]/a/div' contains exact text 'Sauce Labs Backpack'.</msg>
<status status="PASS" starttime="20211213 21:15:21.857" endtime="20211213 21:15:22.405"/>
</kw>
<kw name="Element Attribute Value Should Be" library="SeleniumLibrary">
<arg>${SECOND IMAGE XPATH}</arg>
<arg>src</arg>
<arg>https://www.saucedemo.com${IMAGE 4 SRC}</arg>
<doc>Verifies element identified by ``locator`` contains expected attribute value.</doc>
<msg timestamp="20211213 21:15:22.928" level="INFO">Element 'xpath:/html/body/div/div/div/div[2]/div/div/div/div[2]/div[1]/a/img' attribute 'src' contains value 'https://www.saucedemo.com/static/media/sauce-backpack-1200x1500.34e7aa42.jpg'.</msg>
<status status="PASS" starttime="20211213 21:15:22.406" endtime="20211213 21:15:22.928"/>
</kw>
<kw name="Element Text Should Be" library="SeleniumLibrary">
<arg>${THIRD TITLE XPATH}</arg>
<arg>${ITEM 1 TITLE}</arg>
<doc>Verifies that element ``locator`` contains exact the text ``expected``.</doc>
<msg timestamp="20211213 21:15:22.931" level="INFO">Verifying element 'xpath:/html/body/div/div/div/div[2]/div/div/div/div[3]/div[2]/div[1]/a/div' contains exact text 'Sauce Labs Bolt T-Shirt'.</msg>
<status status="PASS" starttime="20211213 21:15:22.929" endtime="20211213 21:15:23.461"/>
</kw>
<kw name="Element Attribute Value Should Be" library="SeleniumLibrary">
<arg>${THIRD IMAGE XPATH}</arg>
<arg>src</arg>
<arg>https://www.saucedemo.com${IMAGE 1 SRC}</arg>
<doc>Verifies element identified by ``locator`` contains expected attribute value.</doc>
<msg timestamp="20211213 21:15:23.979" level="INFO">Element 'xpath:/html/body/div/div/div/div[2]/div/div/div/div[3]/div[1]/a/img' attribute 'src' contains value 'https://www.saucedemo.com/static/media/bolt-shirt-1200x1500.c0dae290.jpg'.</msg>
<status status="PASS" starttime="20211213 21:15:23.462" endtime="20211213 21:15:23.980"/>
</kw>
<kw name="Element Text Should Be" library="SeleniumLibrary">
<arg>${FOURTH TITLE XPATH}</arg>
<arg>${ITEM 3 TITLE}</arg>
<doc>Verifies that element ``locator`` contains exact the text ``expected``.</doc>
<msg timestamp="20211213 21:15:23.983" level="INFO">Verifying element 'xpath:/html/body/div/div/div/div[2]/div/div/div/div[4]/div[2]/div[1]/a/div' contains exact text 'Test.allTheThings() T-Shirt (Red)'.</msg>
<status status="PASS" starttime="20211213 21:15:23.982" endtime="20211213 21:15:24.516"/>
</kw>
<kw name="Element Attribute Value Should Be" library="SeleniumLibrary">
<arg>${FOURTH IMAGE XPATH}</arg>
<arg>src</arg>
<arg>https://www.saucedemo.com${IMAGE 3 SRC}</arg>
<doc>Verifies element identified by ``locator`` contains expected attribute value.</doc>
<msg timestamp="20211213 21:15:25.051" level="INFO">Element 'xpath:/html/body/div/div/div/div[2]/div/div/div/div[4]/div[1]/a/img' attribute 'src' contains value 'https://www.saucedemo.com/static/media/red-tatt-1200x1500.e32b4ef9.jpg'.</msg>
<status status="PASS" starttime="20211213 21:15:24.519" endtime="20211213 21:15:25.051"/>
</kw>
<kw name="Element Text Should Be" library="SeleniumLibrary">
<arg>${FIFTH TITLE XPATH}</arg>
<arg>${ITEM 0 TITLE}</arg>
<doc>Verifies that element ``locator`` contains exact the text ``expected``.</doc>
<msg timestamp="20211213 21:15:25.054" level="INFO">Verifying element 'xpath:/html/body/div/div/div/div[2]/div/div/div/div[5]/div[2]/div[1]/a/div' contains exact text 'Sauce Labs Bike Light'.</msg>
<status status="PASS" starttime="20211213 21:15:25.053" endtime="20211213 21:15:25.616"/>
</kw>
<kw name="Element Attribute Value Should Be" library="SeleniumLibrary">
<arg>${FIFTH IMAGE XPATH}</arg>
<arg>src</arg>
<arg>https://www.saucedemo.com${IMAGE 0 SRC}</arg>
<doc>Verifies element identified by ``locator`` contains expected attribute value.</doc>
<msg timestamp="20211213 21:15:26.164" level="INFO">Element 'xpath:/html/body/div/div/div/div[2]/div/div/div/div[5]/div[1]/a/img' attribute 'src' contains value 'https://www.saucedemo.com/static/media/bike-light-1200x1500.a0c9caae.jpg'.</msg>
<status status="PASS" starttime="20211213 21:15:25.618" endtime="20211213 21:15:26.164"/>
</kw>
<kw name="Element Text Should Be" library="SeleniumLibrary">
<arg>${SIXTH TITLE XPATH}</arg>
<arg>${ITEM 2 TITLE}</arg>
<doc>Verifies that element ``locator`` contains exact the text ``expected``.</doc>
<msg timestamp="20211213 21:15:26.166" level="INFO">Verifying element 'xpath:/html/body/div/div/div/div[2]/div/div/div/div[6]/div[2]/div[1]/a/div' contains exact text 'Sauce Labs Onesie'.</msg>
<status status="PASS" starttime="20211213 21:15:26.166" endtime="20211213 21:15:26.687"/>
</kw>
<kw name="Element Attribute Value Should Be" library="SeleniumLibrary">
<arg>${SIXTH IMAGE XPATH}</arg>
<arg>src</arg>
<arg>https://www.saucedemo.com${IMAGE 2 SRC}</arg>
<doc>Verifies element identified by ``locator`` contains expected attribute value.</doc>
<msg timestamp="20211213 21:15:27.222" level="INFO">Element 'xpath:/html/body/div/div/div/div[2]/div/div/div/div[6]/div[1]/a/img' attribute 'src' contains value 'https://www.saucedemo.com/static/media/red-onesie-1200x1500.1b15e1fa.jpg'.</msg>
<status status="PASS" starttime="20211213 21:15:26.688" endtime="20211213 21:15:27.223"/>
</kw>
<kw name="Close Browser" library="SeleniumLibrary" type="TEARDOWN">
<doc>Closes the current browser.</doc>
<status status="PASS" starttime="20211213 21:15:27.227" endtime="20211213 21:15:29.613"/>
</kw>
<status status="PASS" starttime="20211213 21:15:00.655" endtime="20211213 21:15:29.614"/>
</test>
<doc>A test suite for different sorting criterion

This suite tests for the following scenarios
- Sorted name from A to Z
- Sorted name from Z to A
- Sorted by lowest to highest price
- Logged by highest to lowest price</doc>
<status status="PASS" starttime="20211213 21:13:45.391" endtime="20211213 21:15:29.617"/>
</suite>
<status status="PASS" starttime="20211213 21:12:23.762" endtime="20211213 21:15:29.625"/>
</suite>
<statistics>
<total>
<stat pass="8" fail="0" skip="0">All Tests</stat>
</total>
<tag>
</tag>
<suite>
<stat pass="8" fail="0" skip="0" id="s1" name="Robot Files">Robot Files</stat>
<stat pass="4" fail="0" skip="0" id="s1-s1" name="Login Tests">Robot Files.Login Tests</stat>
<stat pass="4" fail="0" skip="0" id="s1-s2" name="Sort Tests">Robot Files.Sort Tests</stat>
</suite>
</statistics>
<errors>
</errors>
</robot>
