<?xml version="1.0" encoding="UTF-8"?>
<robot generator="Robot 4.1.2 (Python 3.9.7 on win32)" generated="20211213 17:37:56.062" rpa="false" schemaversion="2">
<suite id="s1" name="Login Tests" source="C:\Users\Shika\Documents\GitHub\SeleniumIDE-RobotFramework-Practice\Robot Files\login_tests.robot">
<test id="s1-t1" name="Valid login">
<kw name="Open Browser To Login Page" library="resource">
<kw name="Open Browser" library="SeleniumLibrary">
<arg>${LOGIN URL}</arg>
<arg>${BROWSER}</arg>
<doc>Opens a new browser instance to the optional ``url``.</doc>
<msg timestamp="20211213 17:37:56.384" level="INFO">Opening browser 'firefox' to base url 'https://www.saucedemo.com/'.</msg>
<msg timestamp="20211213 17:37:56.385" level="INFO">Firefox driver log is always forced to to: C:\Users\Shika\Documents\GitHub\SeleniumIDE-RobotFramework-Practice\Robot Files\geckodriver-1.log</msg>
<status status="PASS" starttime="20211213 17:37:56.383" endtime="20211213 17:38:05.871"/>
</kw>
<kw name="Maximize Browser Window" library="SeleniumLibrary">
<doc>Maximizes current browser window.</doc>
<status status="PASS" starttime="20211213 17:38:05.872" endtime="20211213 17:38:05.893"/>
</kw>
<kw name="Set Selenium Speed" library="SeleniumLibrary">
<arg>${DELAY}</arg>
<doc>Sets the delay that is waited after each Selenium command.</doc>
<status status="PASS" starttime="20211213 17:38:05.893" endtime="20211213 17:38:05.895"/>
</kw>
<kw name="Login Page Should Be Open" library="resource">
<kw name="Page Should Contain Element" library="SeleniumLibrary">
<arg>login-button</arg>
<doc>Verifies that element ``locator`` is found on the current page.</doc>
<msg timestamp="20211213 17:38:06.421" level="INFO">Current page contains element 'login-button'.</msg>
<status status="PASS" starttime="20211213 17:38:05.896" endtime="20211213 17:38:06.421"/>
</kw>
<status status="PASS" starttime="20211213 17:38:05.895" endtime="20211213 17:38:06.422"/>
</kw>
<status status="PASS" starttime="20211213 17:37:56.383" endtime="20211213 17:38:06.422"/>
</kw>
<kw name="Input Username" library="resource">
<arg>${VALID USER}</arg>
<kw name="Input Text" library="SeleniumLibrary">
<arg>user-name</arg>
<arg>${username}</arg>
<doc>Types the given ``text`` into the text field identified by ``locator``.</doc>
<msg timestamp="20211213 17:38:06.425" level="INFO">Typing text 'standard_user' into text field 'user-name'.</msg>
<status status="PASS" starttime="20211213 17:38:06.424" endtime="20211213 17:38:08.043"/>
</kw>
<status status="PASS" starttime="20211213 17:38:06.423" endtime="20211213 17:38:08.043"/>
</kw>
<kw name="Input Pass" library="resource">
<arg>${UNIVERSAL PASSWORD}</arg>
<kw name="Input Password" library="SeleniumLibrary">
<arg>password</arg>
<arg>${password}</arg>
<doc>Types the given password into the text field identified by ``locator``.</doc>
<msg timestamp="20211213 17:38:08.045" level="INFO">Typing password into text field 'password'.</msg>
<msg timestamp="20211213 17:38:09.073" level="INFO">Temporally setting log level to: NONE</msg>
<msg timestamp="20211213 17:38:09.622" level="INFO">Log level changed from NONE to INFO.</msg>
<status status="PASS" starttime="20211213 17:38:08.045" endtime="20211213 17:38:09.622"/>
</kw>
<status status="PASS" starttime="20211213 17:38:08.044" endtime="20211213 17:38:09.622"/>
</kw>
<kw name="Submit Credentials" library="resource">
<kw name="Click Button" library="SeleniumLibrary">
<arg>login-button</arg>
<doc>Clicks the button identified by ``locator``.</doc>
<msg timestamp="20211213 17:38:09.624" level="INFO">Clicking button 'login-button'.</msg>
<status status="PASS" starttime="20211213 17:38:09.623" endtime="20211213 17:38:11.427"/>
</kw>
<status status="PASS" starttime="20211213 17:38:09.623" endtime="20211213 17:38:11.427"/>
</kw>
<kw name="Home Page Should Be Open" library="resource">
<kw name="Element Text Should Be" library="SeleniumLibrary">
<arg>class:title</arg>
<arg>PRODUCTS</arg>
<doc>Verifies that element ``locator`` contains exact the text ``expected``.</doc>
<msg timestamp="20211213 17:38:11.429" level="INFO">Verifying element 'class:title' contains exact text 'PRODUCTS'.</msg>
<status status="PASS" starttime="20211213 17:38:11.429" endtime="20211213 17:38:12.478"/>
</kw>
<status status="PASS" starttime="20211213 17:38:11.428" endtime="20211213 17:38:12.478"/>
</kw>
<kw name="Close Browser" library="SeleniumLibrary" type="TEARDOWN">
<doc>Closes the current browser.</doc>
<status status="PASS" starttime="20211213 17:38:12.479" endtime="20211213 17:38:14.346"/>
</kw>
<status status="PASS" starttime="20211213 17:37:56.382" endtime="20211213 17:38:14.347"/>
</test>
<test id="s1-t2" name="Invalid Login">
<kw name="Open Browser To Login Page" library="resource">
<kw name="Open Browser" library="SeleniumLibrary">
<arg>${LOGIN URL}</arg>
<arg>${BROWSER}</arg>
<doc>Opens a new browser instance to the optional ``url``.</doc>
<msg timestamp="20211213 17:38:14.354" level="INFO">Opening browser 'firefox' to base url 'https://www.saucedemo.com/'.</msg>
<msg timestamp="20211213 17:38:14.355" level="INFO">Firefox driver log is always forced to to: C:\Users\Shika\Documents\GitHub\SeleniumIDE-RobotFramework-Practice\Robot Files\geckodriver-2.log</msg>
<status status="PASS" starttime="20211213 17:38:14.354" endtime="20211213 17:38:24.797"/>
</kw>
<kw name="Maximize Browser Window" library="SeleniumLibrary">
<doc>Maximizes current browser window.</doc>
<status status="PASS" starttime="20211213 17:38:24.798" endtime="20211213 17:38:25.570"/>
</kw>
<kw name="Set Selenium Speed" library="SeleniumLibrary">
<arg>${DELAY}</arg>
<doc>Sets the delay that is waited after each Selenium command.</doc>
<status status="PASS" starttime="20211213 17:38:25.570" endtime="20211213 17:38:25.571"/>
</kw>
<kw name="Login Page Should Be Open" library="resource">
<kw name="Page Should Contain Element" library="SeleniumLibrary">
<arg>login-button</arg>
<doc>Verifies that element ``locator`` is found on the current page.</doc>
<msg timestamp="20211213 17:38:26.108" level="INFO">Current page contains element 'login-button'.</msg>
<status status="PASS" starttime="20211213 17:38:25.571" endtime="20211213 17:38:26.108"/>
</kw>
<status status="PASS" starttime="20211213 17:38:25.571" endtime="20211213 17:38:26.108"/>
</kw>
<status status="PASS" starttime="20211213 17:38:14.353" endtime="20211213 17:38:26.108"/>
</kw>
<kw name="Input Username" library="resource">
<arg>${INVALID USER}</arg>
<kw name="Input Text" library="SeleniumLibrary">
<arg>user-name</arg>
<arg>${username}</arg>
<doc>Types the given ``text`` into the text field identified by ``locator``.</doc>
<msg timestamp="20211213 17:38:26.110" level="INFO">Typing text 'locked_out_user' into text field 'user-name'.</msg>
<status status="PASS" starttime="20211213 17:38:26.110" endtime="20211213 17:38:27.742"/>
</kw>
<status status="PASS" starttime="20211213 17:38:26.109" endtime="20211213 17:38:27.742"/>
</kw>
<kw name="Input Pass" library="resource">
<arg>${UNIVERSAL PASSWORD}</arg>
<kw name="Input Password" library="SeleniumLibrary">
<arg>password</arg>
<arg>${password}</arg>
<doc>Types the given password into the text field identified by ``locator``.</doc>
<msg timestamp="20211213 17:38:27.744" level="INFO">Typing password into text field 'password'.</msg>
<msg timestamp="20211213 17:38:28.761" level="INFO">Temporally setting log level to: NONE</msg>
<msg timestamp="20211213 17:38:29.362" level="INFO">Log level changed from NONE to INFO.</msg>
<status status="PASS" starttime="20211213 17:38:27.744" endtime="20211213 17:38:29.362"/>
</kw>
<status status="PASS" starttime="20211213 17:38:27.743" endtime="20211213 17:38:29.363"/>
</kw>
<kw name="Submit Credentials" library="resource">
<kw name="Click Button" library="SeleniumLibrary">
<arg>login-button</arg>
<doc>Clicks the button identified by ``locator``.</doc>
<msg timestamp="20211213 17:38:29.365" level="INFO">Clicking button 'login-button'.</msg>
<status status="PASS" starttime="20211213 17:38:29.365" endtime="20211213 17:38:31.118"/>
</kw>
<status status="PASS" starttime="20211213 17:38:29.364" endtime="20211213 17:38:31.118"/>
</kw>
<kw name="Page Should Contain Element" library="SeleniumLibrary">
<arg>class:error-button</arg>
<doc>Verifies that element ``locator`` is found on the current page.</doc>
<msg timestamp="20211213 17:38:31.628" level="INFO">Current page contains element 'class:error-button'.</msg>
<status status="PASS" starttime="20211213 17:38:31.119" endtime="20211213 17:38:31.628"/>
</kw>
<kw name="Element Text Should Be" library="SeleniumLibrary">
<arg>data-test:error</arg>
<arg>Epic sadface: Sorry, this user has been locked out.</arg>
<doc>Verifies that element ``locator`` contains exact the text ``expected``.</doc>
<msg timestamp="20211213 17:38:31.629" level="INFO">Verifying element 'data-test:error' contains exact text 'Epic sadface: Sorry, this user has been locked out.'.</msg>
<kw name="Capture Page Screenshot" library="SeleniumLibrary">
<doc>Takes a screenshot of the current page and embeds it into a log file.</doc>
<msg timestamp="20211213 17:38:32.747" level="INFO" html="true">&lt;/td&gt;&lt;/tr&gt;&lt;tr&gt;&lt;td colspan="3"&gt;&lt;a href="selenium-screenshot-1.png"&gt;&lt;img src="selenium-screenshot-1.png" width="800px"&gt;&lt;/a&gt;</msg>
<status status="PASS" starttime="20211213 17:38:32.138" endtime="20211213 17:38:32.747"/>
</kw>
<msg timestamp="20211213 17:38:32.753" level="FAIL">Element with locator 'data-test:error' not found.</msg>
<status status="FAIL" starttime="20211213 17:38:31.628" endtime="20211213 17:38:32.753"/>
</kw>
<kw name="Close Browser" library="SeleniumLibrary" type="TEARDOWN">
<doc>Closes the current browser.</doc>
<status status="PASS" starttime="20211213 17:38:32.754" endtime="20211213 17:38:34.658"/>
</kw>
<status status="FAIL" starttime="20211213 17:38:14.351" endtime="20211213 17:38:34.658">Element with locator 'data-test:error' not found.</status>
</test>
<doc>A test suite for different login conditions

This suite tests for the following scenarios
- Successful user login
- Unsuccessful user login by locked out user
- Incorrect Password
- Logged in as a problem user with a broken inventory page</doc>
<status status="FAIL" starttime="20211213 17:37:56.064" endtime="20211213 17:38:34.662"/>
</suite>
<statistics>
<total>
<stat pass="1" fail="1" skip="0">All Tests</stat>
</total>
<tag>
</tag>
<suite>
<stat pass="1" fail="1" skip="0" id="s1" name="Login Tests">Login Tests</stat>
</suite>
</statistics>
<errors>
</errors>
</robot>
